Jul  1 00:04:00 tracerSENSE newsyslog[52414]: logfile turned over due to size>500K
Jul  1 00:04:00 tracerSENSE sshguard[30484]: Exiting on signal.
Jul  1 00:04:00 tracerSENSE sshguard[53507]: Now monitoring attacks.
Jul  1 00:15:00 tracerSENSE sshguard[53507]: Exiting on signal.
Jul  1 00:15:00 tracerSENSE sshguard[70408]: Now monitoring attacks.
Jul  1 00:27:00 tracerSENSE sshguard[70408]: Exiting on signal.
Jul  1 00:27:00 tracerSENSE sshguard[89191]: Now monitoring attacks.
Jul  1 00:39:00 tracerSENSE sshguard[89191]: Exiting on signal.
Jul  1 00:39:00 tracerSENSE sshguard[27965]: Now monitoring attacks.
Jul  1 00:51:00 tracerSENSE sshguard[27965]: Exiting on signal.
Jul  1 00:51:00 tracerSENSE sshguard[70816]: Now monitoring attacks.
Jul  1 01:03:00 tracerSENSE sshguard[70816]: Exiting on signal.
Jul  1 01:03:00 tracerSENSE sshguard[88274]: Now monitoring attacks.
Jul  1 01:15:00 tracerSENSE sshguard[88274]: Exiting on signal.
Jul  1 01:15:00 tracerSENSE sshguard[22532]: Now monitoring attacks.
Jul  1 01:27:00 tracerSENSE sshguard[22532]: Exiting on signal.
Jul  1 01:27:00 tracerSENSE sshguard[68589]: Now monitoring attacks.
Jul  1 01:39:00 tracerSENSE sshguard[68589]: Exiting on signal.
Jul  1 01:39:00 tracerSENSE sshguard[6003]: Now monitoring attacks.
Jul  1 01:51:00 tracerSENSE sshguard[6003]: Exiting on signal.
Jul  1 01:51:00 tracerSENSE sshguard[26933]: Now monitoring attacks.
Jul  1 02:03:00 tracerSENSE sshguard[26933]: Exiting on signal.
Jul  1 02:03:00 tracerSENSE sshguard[73727]: Now monitoring attacks.
Jul  1 02:15:00 tracerSENSE sshguard[73727]: Exiting on signal.
Jul  1 02:15:00 tracerSENSE sshguard[15166]: Now monitoring attacks.
Jul  1 02:27:00 tracerSENSE sshguard[15166]: Exiting on signal.
Jul  1 02:27:00 tracerSENSE sshguard[41424]: Now monitoring attacks.
Jul  1 02:39:00 tracerSENSE sshguard[41424]: Exiting on signal.
Jul  1 02:39:00 tracerSENSE sshguard[64932]: Now monitoring attacks.
Jul  1 02:51:00 tracerSENSE sshguard[64932]: Exiting on signal.
Jul  1 02:51:00 tracerSENSE sshguard[7143]: Now monitoring attacks.
Jul  1 03:03:00 tracerSENSE sshguard[7143]: Exiting on signal.
Jul  1 03:03:00 tracerSENSE sshguard[49856]: Now monitoring attacks.
Jul  1 03:15:00 tracerSENSE sshguard[49856]: Exiting on signal.
Jul  1 03:15:00 tracerSENSE sshguard[66379]: Now monitoring attacks.
Jul  1 03:27:00 tracerSENSE sshguard[66379]: Exiting on signal.
Jul  1 03:27:00 tracerSENSE sshguard[13534]: Now monitoring attacks.
Jul  1 03:39:00 tracerSENSE sshguard[13534]: Exiting on signal.
Jul  1 03:39:00 tracerSENSE sshguard[51298]: Now monitoring attacks.
Jul  1 03:51:00 tracerSENSE sshguard[51298]: Exiting on signal.
Jul  1 03:51:00 tracerSENSE sshguard[94383]: Now monitoring attacks.
Jul  1 04:03:00 tracerSENSE sshguard[94383]: Exiting on signal.
Jul  1 04:03:00 tracerSENSE sshguard[22227]: Now monitoring attacks.
Jul  1 04:15:00 tracerSENSE sshguard[22227]: Exiting on signal.
Jul  1 04:15:00 tracerSENSE sshguard[72558]: Now monitoring attacks.
Jul  1 04:27:00 tracerSENSE sshguard[72558]: Exiting on signal.
Jul  1 04:27:00 tracerSENSE sshguard[8587]: Now monitoring attacks.
Jul  1 04:39:00 tracerSENSE sshguard[8587]: Exiting on signal.
Jul  1 04:39:00 tracerSENSE sshguard[20587]: Now monitoring attacks.
Jul  1 04:51:00 tracerSENSE sshguard[20587]: Exiting on signal.
Jul  1 04:51:00 tracerSENSE sshguard[63869]: Now monitoring attacks.
Jul  1 05:03:00 tracerSENSE sshguard[63869]: Exiting on signal.
Jul  1 05:03:00 tracerSENSE sshguard[5927]: Now monitoring attacks.
Jul  1 05:15:00 tracerSENSE sshguard[5927]: Exiting on signal.
Jul  1 05:15:00 tracerSENSE sshguard[49067]: Now monitoring attacks.
Jul  1 05:27:00 tracerSENSE sshguard[49067]: Exiting on signal.
Jul  1 05:27:00 tracerSENSE sshguard[65355]: Now monitoring attacks.
Jul  1 05:39:00 tracerSENSE sshguard[65355]: Exiting on signal.
Jul  1 05:39:00 tracerSENSE sshguard[8226]: Now monitoring attacks.
Jul  1 05:51:00 tracerSENSE sshguard[8226]: Exiting on signal.
Jul  1 05:51:00 tracerSENSE sshguard[39448]: Now monitoring attacks.
Jul  1 06:03:00 tracerSENSE sshguard[39448]: Exiting on signal.
Jul  1 06:03:00 tracerSENSE sshguard[61200]: Now monitoring attacks.
Jul  1 06:15:00 tracerSENSE sshguard[61200]: Exiting on signal.
Jul  1 06:15:00 tracerSENSE sshguard[9047]: Now monitoring attacks.
Jul  1 06:27:00 tracerSENSE sshguard[9047]: Exiting on signal.
Jul  1 06:27:00 tracerSENSE sshguard[89035]: Now monitoring attacks.
Jul  1 06:39:00 tracerSENSE sshguard[89035]: Exiting on signal.
Jul  1 06:39:00 tracerSENSE sshguard[26040]: Now monitoring attacks.
Jul  1 06:51:00 tracerSENSE sshguard[26040]: Exiting on signal.
Jul  1 06:51:00 tracerSENSE sshguard[48958]: Now monitoring attacks.
Jul  1 07:03:00 tracerSENSE sshguard[48958]: Exiting on signal.
Jul  1 07:03:00 tracerSENSE sshguard[88185]: Now monitoring attacks.
Jul  1 07:15:00 tracerSENSE sshguard[88185]: Exiting on signal.
Jul  1 07:15:00 tracerSENSE sshguard[36315]: Now monitoring attacks.
Jul  1 07:27:00 tracerSENSE sshguard[36315]: Exiting on signal.
Jul  1 07:27:00 tracerSENSE sshguard[51350]: Now monitoring attacks.
Jul  1 07:39:00 tracerSENSE sshguard[51350]: Exiting on signal.
Jul  1 07:39:00 tracerSENSE sshguard[92202]: Now monitoring attacks.
Jul  1 07:51:00 tracerSENSE sshguard[92202]: Exiting on signal.
Jul  1 07:51:00 tracerSENSE sshguard[29047]: Now monitoring attacks.
Jul  1 08:03:00 tracerSENSE sshguard[29047]: Exiting on signal.
Jul  1 08:03:00 tracerSENSE sshguard[67476]: Now monitoring attacks.
Jul  1 08:15:00 tracerSENSE sshguard[67476]: Exiting on signal.
Jul  1 08:15:00 tracerSENSE sshguard[89699]: Now monitoring attacks.
Jul  1 08:27:00 tracerSENSE sshguard[89699]: Exiting on signal.
Jul  1 08:27:00 tracerSENSE sshguard[25112]: Now monitoring attacks.
Jul  1 08:39:00 tracerSENSE sshguard[25112]: Exiting on signal.
Jul  1 08:39:00 tracerSENSE sshguard[62313]: Now monitoring attacks.
Jul  1 08:51:00 tracerSENSE sshguard[62313]: Exiting on signal.
Jul  1 08:51:00 tracerSENSE sshguard[82575]: Now monitoring attacks.
Jul  1 09:03:00 tracerSENSE sshguard[82575]: Exiting on signal.
Jul  1 09:03:00 tracerSENSE sshguard[18994]: Now monitoring attacks.
Jul  1 09:15:00 tracerSENSE sshguard[18994]: Exiting on signal.
Jul  1 09:15:00 tracerSENSE sshguard[62365]: Now monitoring attacks.
Jul  1 09:27:00 tracerSENSE sshguard[62365]: Exiting on signal.
Jul  1 09:27:00 tracerSENSE sshguard[5874]: Now monitoring attacks.
Jul  1 09:39:00 tracerSENSE sshguard[5874]: Exiting on signal.
Jul  1 09:39:00 tracerSENSE sshguard[23378]: Now monitoring attacks.
Jul  1 09:51:00 tracerSENSE sshguard[23378]: Exiting on signal.
Jul  1 09:51:00 tracerSENSE sshguard[65330]: Now monitoring attacks.
Jul  1 10:03:00 tracerSENSE sshguard[65330]: Exiting on signal.
Jul  1 10:03:00 tracerSENSE sshguard[4067]: Now monitoring attacks.
Jul  1 10:15:00 tracerSENSE sshguard[4067]: Exiting on signal.
Jul  1 10:15:00 tracerSENSE sshguard[42020]: Now monitoring attacks.
Jul  1 10:27:00 tracerSENSE sshguard[42020]: Exiting on signal.
Jul  1 10:27:00 tracerSENSE sshguard[69715]: Now monitoring attacks.
Jul  1 10:39:00 tracerSENSE sshguard[69715]: Exiting on signal.
Jul  1 10:39:00 tracerSENSE sshguard[13062]: Now monitoring attacks.
Jul  1 10:51:00 tracerSENSE sshguard[13062]: Exiting on signal.
Jul  1 10:51:00 tracerSENSE sshguard[57738]: Now monitoring attacks.
Jul  1 11:03:00 tracerSENSE sshguard[57738]: Exiting on signal.
Jul  1 11:03:00 tracerSENSE sshguard[76636]: Now monitoring attacks.
Jul  1 11:15:00 tracerSENSE sshguard[76636]: Exiting on signal.
Jul  1 11:15:00 tracerSENSE sshguard[9822]: Now monitoring attacks.
Jul  1 11:27:00 tracerSENSE sshguard[9822]: Exiting on signal.
Jul  1 11:27:00 tracerSENSE sshguard[49180]: Now monitoring attacks.
Jul  1 11:39:00 tracerSENSE sshguard[49180]: Exiting on signal.
Jul  1 11:39:00 tracerSENSE sshguard[88036]: Now monitoring attacks.
Jul  1 11:51:00 tracerSENSE sshguard[88036]: Exiting on signal.
Jul  1 11:51:00 tracerSENSE sshguard[12254]: Now monitoring attacks.
Jul  1 12:03:00 tracerSENSE sshguard[12254]: Exiting on signal.
Jul  1 12:03:00 tracerSENSE sshguard[55726]: Now monitoring attacks.
Jul  1 12:15:00 tracerSENSE sshguard[55726]: Exiting on signal.
Jul  1 12:15:00 tracerSENSE sshguard[93604]: Now monitoring attacks.
Jul  1 12:27:00 tracerSENSE sshguard[93604]: Exiting on signal.
Jul  1 12:27:00 tracerSENSE sshguard[19547]: Now monitoring attacks.
Jul  1 12:39:00 tracerSENSE sshguard[19547]: Exiting on signal.
Jul  1 12:39:00 tracerSENSE sshguard[62337]: Now monitoring attacks.
Jul  1 12:51:00 tracerSENSE sshguard[62337]: Exiting on signal.
Jul  1 12:51:00 tracerSENSE sshguard[94765]: Now monitoring attacks.
Jul  1 13:03:00 tracerSENSE sshguard[94765]: Exiting on signal.
Jul  1 13:03:00 tracerSENSE sshguard[31131]: Now monitoring attacks.
Jul  1 13:15:00 tracerSENSE sshguard[31131]: Exiting on signal.
Jul  1 13:15:00 tracerSENSE sshguard[57686]: Now monitoring attacks.
Jul  1 13:27:00 tracerSENSE sshguard[57686]: Exiting on signal.
Jul  1 13:27:00 tracerSENSE sshguard[97976]: Now monitoring attacks.
Jul  1 13:39:00 tracerSENSE sshguard[97976]: Exiting on signal.
Jul  1 13:39:00 tracerSENSE sshguard[36619]: Now monitoring attacks.
Jul  1 13:51:00 tracerSENSE sshguard[36619]: Exiting on signal.
Jul  1 13:51:00 tracerSENSE sshguard[58469]: Now monitoring attacks.
Jul  1 14:03:00 tracerSENSE sshguard[58469]: Exiting on signal.
Jul  1 14:03:00 tracerSENSE sshguard[97546]: Now monitoring attacks.
Jul  1 14:15:00 tracerSENSE sshguard[97546]: Exiting on signal.
Jul  1 14:15:00 tracerSENSE sshguard[45380]: Now monitoring attacks.
Jul  1 14:27:00 tracerSENSE sshguard[45380]: Exiting on signal.
Jul  1 14:27:00 tracerSENSE sshguard[83603]: Now monitoring attacks.
Jul  1 14:39:00 tracerSENSE sshguard[83603]: Exiting on signal.
Jul  1 14:39:00 tracerSENSE sshguard[8632]: Now monitoring attacks.
Jul  1 14:51:00 tracerSENSE sshguard[8632]: Exiting on signal.
Jul  1 14:51:00 tracerSENSE sshguard[43082]: Now monitoring attacks.
Jul  1 15:03:00 tracerSENSE sshguard[43082]: Exiting on signal.
Jul  1 15:03:00 tracerSENSE sshguard[88362]: Now monitoring attacks.
Jul  1 15:15:00 tracerSENSE sshguard[88362]: Exiting on signal.
Jul  1 15:15:00 tracerSENSE sshguard[5334]: Now monitoring attacks.
Jul  1 15:27:00 tracerSENSE sshguard[5334]: Exiting on signal.
Jul  1 15:27:00 tracerSENSE sshguard[43268]: Now monitoring attacks.
Jul  1 15:39:00 tracerSENSE sshguard[43268]: Exiting on signal.
Jul  1 15:39:00 tracerSENSE sshguard[84623]: Now monitoring attacks.
Jul  1 15:51:00 tracerSENSE sshguard[84623]: Exiting on signal.
Jul  1 15:51:00 tracerSENSE sshguard[31721]: Now monitoring attacks.
Jul  1 16:03:00 tracerSENSE sshguard[31721]: Exiting on signal.
Jul  1 16:03:00 tracerSENSE sshguard[52577]: Now monitoring attacks.
Jul  1 16:15:00 tracerSENSE sshguard[52577]: Exiting on signal.
Jul  1 16:15:00 tracerSENSE sshguard[1493]: Now monitoring attacks.
Jul  1 16:27:00 tracerSENSE sshguard[1493]: Exiting on signal.
Jul  1 16:27:00 tracerSENSE sshguard[40422]: Now monitoring attacks.
Jul  1 16:39:00 tracerSENSE sshguard[40422]: Exiting on signal.
Jul  1 16:39:00 tracerSENSE sshguard[66649]: Now monitoring attacks.
Jul  1 16:51:00 tracerSENSE sshguard[66649]: Exiting on signal.
Jul  1 16:51:00 tracerSENSE sshguard[4101]: Now monitoring attacks.
Jul  1 17:03:00 tracerSENSE sshguard[4101]: Exiting on signal.
Jul  1 17:03:00 tracerSENSE sshguard[45296]: Now monitoring attacks.
Jul  1 17:15:00 tracerSENSE sshguard[45296]: Exiting on signal.
Jul  1 17:15:00 tracerSENSE sshguard[87632]: Now monitoring attacks.
Jul  1 17:27:00 tracerSENSE sshguard[87632]: Exiting on signal.
Jul  1 17:27:00 tracerSENSE sshguard[5022]: Now monitoring attacks.
Jul  1 17:39:00 tracerSENSE sshguard[5022]: Exiting on signal.
Jul  1 17:39:00 tracerSENSE sshguard[44616]: Now monitoring attacks.
Jul  1 17:51:00 tracerSENSE sshguard[44616]: Exiting on signal.
Jul  1 17:51:00 tracerSENSE sshguard[85500]: Now monitoring attacks.
Jul  1 18:03:00 tracerSENSE sshguard[85500]: Exiting on signal.
Jul  1 18:03:00 tracerSENSE sshguard[4734]: Now monitoring attacks.
Jul  1 18:15:00 tracerSENSE sshguard[4734]: Exiting on signal.
Jul  1 18:15:00 tracerSENSE sshguard[47480]: Now monitoring attacks.
Jul  1 18:27:00 tracerSENSE sshguard[47480]: Exiting on signal.
Jul  1 18:27:00 tracerSENSE sshguard[86820]: Now monitoring attacks.
Jul  1 18:39:00 tracerSENSE sshguard[86820]: Exiting on signal.
Jul  1 18:39:00 tracerSENSE sshguard[20518]: Now monitoring attacks.
Jul  1 18:51:00 tracerSENSE sshguard[20518]: Exiting on signal.
Jul  1 18:51:00 tracerSENSE sshguard[39848]: Now monitoring attacks.
Jul  1 19:03:00 tracerSENSE sshguard[39848]: Exiting on signal.
Jul  1 19:03:00 tracerSENSE sshguard[86123]: Now monitoring attacks.
Jul  1 19:15:00 tracerSENSE sshguard[86123]: Exiting on signal.
Jul  1 19:15:00 tracerSENSE sshguard[26465]: Now monitoring attacks.
Jul  1 19:27:00 tracerSENSE sshguard[26465]: Exiting on signal.
Jul  1 19:27:00 tracerSENSE sshguard[59588]: Now monitoring attacks.
Jul  1 19:39:00 tracerSENSE sshguard[59588]: Exiting on signal.
Jul  1 19:39:00 tracerSENSE sshguard[83436]: Now monitoring attacks.
Jul  1 19:51:00 tracerSENSE sshguard[83436]: Exiting on signal.
Jul  1 19:51:00 tracerSENSE sshguard[29367]: Now monitoring attacks.
Jul  1 20:03:00 tracerSENSE sshguard[29367]: Exiting on signal.
Jul  1 20:03:00 tracerSENSE sshguard[68370]: Now monitoring attacks.
Jul  1 20:15:00 tracerSENSE sshguard[68370]: Exiting on signal.
Jul  1 20:15:00 tracerSENSE sshguard[84452]: Now monitoring attacks.
Jul  1 20:27:00 tracerSENSE sshguard[84452]: Exiting on signal.
Jul  1 20:27:00 tracerSENSE sshguard[25652]: Now monitoring attacks.
Jul  1 20:39:00 tracerSENSE sshguard[25652]: Exiting on signal.
Jul  1 20:39:00 tracerSENSE sshguard[59818]: Now monitoring attacks.
Jul  1 20:51:00 tracerSENSE sshguard[59818]: Exiting on signal.
Jul  1 20:51:00 tracerSENSE sshguard[96550]: Now monitoring attacks.
Jul  1 21:03:00 tracerSENSE sshguard[96550]: Exiting on signal.
Jul  1 21:03:00 tracerSENSE sshguard[18076]: Now monitoring attacks.
Jul  1 21:15:00 tracerSENSE sshguard[18076]: Exiting on signal.
Jul  1 21:15:00 tracerSENSE sshguard[55796]: Now monitoring attacks.
Jul  1 21:27:00 tracerSENSE sshguard[55796]: Exiting on signal.
Jul  1 21:27:00 tracerSENSE sshguard[2924]: Now monitoring attacks.
Jul  1 21:39:00 tracerSENSE sshguard[2924]: Exiting on signal.
Jul  1 21:39:00 tracerSENSE sshguard[16972]: Now monitoring attacks.
Jul  1 21:51:00 tracerSENSE sshguard[16972]: Exiting on signal.
Jul  1 21:51:00 tracerSENSE sshguard[59679]: Now monitoring attacks.
Jul  1 22:03:00 tracerSENSE sshguard[59679]: Exiting on signal.
Jul  1 22:03:00 tracerSENSE sshguard[98785]: Now monitoring attacks.
Jul  1 22:15:00 tracerSENSE sshguard[98785]: Exiting on signal.
Jul  1 22:15:00 tracerSENSE sshguard[39573]: Now monitoring attacks.
Jul  1 22:27:00 tracerSENSE sshguard[39573]: Exiting on signal.
Jul  1 22:27:00 tracerSENSE sshguard[58565]: Now monitoring attacks.
Jul  1 22:39:00 tracerSENSE sshguard[58565]: Exiting on signal.
Jul  1 22:39:00 tracerSENSE sshguard[96013]: Now monitoring attacks.
Jul  1 22:51:00 tracerSENSE sshguard[96013]: Exiting on signal.
Jul  1 22:51:00 tracerSENSE sshguard[36975]: Now monitoring attacks.
Jul  1 23:03:00 tracerSENSE sshguard[36975]: Exiting on signal.
Jul  1 23:03:00 tracerSENSE sshguard[58408]: Now monitoring attacks.
Jul  1 23:15:00 tracerSENSE sshguard[58408]: Exiting on signal.
Jul  1 23:15:00 tracerSENSE sshguard[99195]: Now monitoring attacks.
Jul  1 23:27:00 tracerSENSE sshguard[99195]: Exiting on signal.
Jul  1 23:27:00 tracerSENSE sshguard[44324]: Now monitoring attacks.
Jul  1 23:39:00 tracerSENSE sshguard[44324]: Exiting on signal.
Jul  1 23:39:00 tracerSENSE sshguard[84217]: Now monitoring attacks.
Jul  1 23:51:00 tracerSENSE sshguard[84217]: Exiting on signal.
Jul  1 23:51:00 tracerSENSE sshguard[10197]: Now monitoring attacks.
Jul  2 00:03:00 tracerSENSE sshguard[10197]: Exiting on signal.
Jul  2 00:03:00 tracerSENSE sshguard[50392]: Now monitoring attacks.
Jul  2 00:15:00 tracerSENSE sshguard[50392]: Exiting on signal.
Jul  2 00:15:00 tracerSENSE sshguard[93441]: Now monitoring attacks.
Jul  2 00:27:00 tracerSENSE sshguard[93441]: Exiting on signal.
Jul  2 00:27:00 tracerSENSE sshguard[14012]: Now monitoring attacks.
Jul  2 00:39:00 tracerSENSE sshguard[14012]: Exiting on signal.
Jul  2 00:39:00 tracerSENSE sshguard[52328]: Now monitoring attacks.
Jul  2 00:51:00 tracerSENSE sshguard[52328]: Exiting on signal.
Jul  2 00:51:00 tracerSENSE sshguard[95800]: Now monitoring attacks.
Jul  2 01:03:00 tracerSENSE sshguard[95800]: Exiting on signal.
Jul  2 01:03:00 tracerSENSE sshguard[32163]: Now monitoring attacks.
Jul  2 01:15:00 tracerSENSE sshguard[32163]: Exiting on signal.
Jul  2 01:15:00 tracerSENSE sshguard[51543]: Now monitoring attacks.
Jul  2 01:27:00 tracerSENSE sshguard[51543]: Exiting on signal.
Jul  2 01:27:00 tracerSENSE sshguard[91874]: Now monitoring attacks.
Jul  2 01:39:00 tracerSENSE sshguard[91874]: Exiting on signal.
Jul  2 01:39:00 tracerSENSE sshguard[39814]: Now monitoring attacks.
Jul  2 01:51:00 tracerSENSE sshguard[39814]: Exiting on signal.
Jul  2 01:51:00 tracerSENSE sshguard[62447]: Now monitoring attacks.
Jul  2 02:03:00 tracerSENSE sshguard[62447]: Exiting on signal.
Jul  2 02:03:00 tracerSENSE sshguard[3553]: Now monitoring attacks.
Jul  2 02:15:00 tracerSENSE sshguard[3553]: Exiting on signal.
Jul  2 02:15:00 tracerSENSE sshguard[46869]: Now monitoring attacks.
Jul  2 02:27:00 tracerSENSE sshguard[46869]: Exiting on signal.
Jul  2 02:27:00 tracerSENSE sshguard[81125]: Now monitoring attacks.
Jul  2 02:39:00 tracerSENSE sshguard[81125]: Exiting on signal.
Jul  2 02:39:00 tracerSENSE sshguard[98043]: Now monitoring attacks.
Jul  2 02:51:00 tracerSENSE sshguard[98043]: Exiting on signal.
Jul  2 02:51:00 tracerSENSE sshguard[48367]: Now monitoring attacks.
Jul  2 03:03:00 tracerSENSE sshguard[48367]: Exiting on signal.
Jul  2 03:03:00 tracerSENSE sshguard[85257]: Now monitoring attacks.
Jul  2 03:15:00 tracerSENSE sshguard[85257]: Exiting on signal.
Jul  2 03:15:00 tracerSENSE sshguard[25451]: Now monitoring attacks.
Jul  2 03:27:00 tracerSENSE sshguard[25451]: Exiting on signal.
Jul  2 03:27:00 tracerSENSE sshguard[47680]: Now monitoring attacks.
Jul  2 03:39:00 tracerSENSE sshguard[47680]: Exiting on signal.
Jul  2 03:39:00 tracerSENSE sshguard[81287]: Now monitoring attacks.
Jul  2 03:50:00 tracerSENSE sshguard[81287]: Exiting on signal.
Jul  2 03:50:00 tracerSENSE sshguard[2623]: Now monitoring attacks.
Jul  2 04:02:00 tracerSENSE sshguard[2623]: Exiting on signal.
Jul  2 04:02:00 tracerSENSE sshguard[23718]: Now monitoring attacks.
Jul  2 04:14:00 tracerSENSE sshguard[23718]: Exiting on signal.
Jul  2 04:14:00 tracerSENSE sshguard[58499]: Now monitoring attacks.
Jul  2 04:26:00 tracerSENSE sshguard[58499]: Exiting on signal.
Jul  2 04:26:00 tracerSENSE sshguard[4625]: Now monitoring attacks.
Jul  2 04:38:00 tracerSENSE sshguard[4625]: Exiting on signal.
Jul  2 04:38:00 tracerSENSE sshguard[44943]: Now monitoring attacks.
Jul  2 04:50:00 tracerSENSE sshguard[44943]: Exiting on signal.
Jul  2 04:50:00 tracerSENSE sshguard[69147]: Now monitoring attacks.
Jul  2 05:02:00 tracerSENSE sshguard[69147]: Exiting on signal.
Jul  2 05:02:00 tracerSENSE sshguard[6714]: Now monitoring attacks.
Jul  2 05:13:00 tracerSENSE sshguard[6714]: Exiting on signal.
Jul  2 05:13:00 tracerSENSE sshguard[25873]: Now monitoring attacks.
Jul  2 05:14:00 tracerSENSE sshguard[25873]: Exiting on signal.
Jul  2 05:14:00 tracerSENSE sshguard[47966]: Now monitoring attacks.
Jul  2 05:26:00 tracerSENSE sshguard[47966]: Exiting on signal.
Jul  2 05:26:00 tracerSENSE sshguard[66038]: Now monitoring attacks.
Jul  2 05:38:00 tracerSENSE sshguard[66038]: Exiting on signal.
Jul  2 05:38:00 tracerSENSE sshguard[12365]: Now monitoring attacks.
Jul  2 05:50:00 tracerSENSE sshguard[12365]: Exiting on signal.
Jul  2 05:50:00 tracerSENSE sshguard[48619]: Now monitoring attacks.
Jul  2 06:02:00 tracerSENSE sshguard[48619]: Exiting on signal.
Jul  2 06:02:00 tracerSENSE sshguard[89933]: Now monitoring attacks.
Jul  2 06:14:00 tracerSENSE sshguard[89933]: Exiting on signal.
Jul  2 06:14:00 tracerSENSE sshguard[11293]: Now monitoring attacks.
Jul  2 06:26:00 tracerSENSE sshguard[11293]: Exiting on signal.
Jul  2 06:26:00 tracerSENSE sshguard[58476]: Now monitoring attacks.
Jul  2 06:38:00 tracerSENSE sshguard[58476]: Exiting on signal.
Jul  2 06:38:00 tracerSENSE sshguard[1091]: Now monitoring attacks.
Jul  2 06:50:00 tracerSENSE sshguard[1091]: Exiting on signal.
Jul  2 06:50:00 tracerSENSE sshguard[20562]: Now monitoring attacks.
Jul  2 07:02:00 tracerSENSE sshguard[20562]: Exiting on signal.
Jul  2 07:02:00 tracerSENSE sshguard[62061]: Now monitoring attacks.
Jul  2 07:14:00 tracerSENSE sshguard[62061]: Exiting on signal.
Jul  2 07:14:00 tracerSENSE sshguard[3940]: Now monitoring attacks.
Jul  2 07:26:00 tracerSENSE sshguard[3940]: Exiting on signal.
Jul  2 07:26:00 tracerSENSE sshguard[49352]: Now monitoring attacks.
Jul  2 07:38:00 tracerSENSE sshguard[49352]: Exiting on signal.
Jul  2 07:38:00 tracerSENSE sshguard[75528]: Now monitoring attacks.
Jul  2 07:50:00 tracerSENSE sshguard[75528]: Exiting on signal.
Jul  2 07:50:00 tracerSENSE sshguard[16936]: Now monitoring attacks.
Jul  2 08:02:00 tracerSENSE sshguard[16936]: Exiting on signal.
Jul  2 08:02:00 tracerSENSE sshguard[61057]: Now monitoring attacks.
Jul  2 08:14:00 tracerSENSE sshguard[61057]: Exiting on signal.
Jul  2 08:14:00 tracerSENSE sshguard[85789]: Now monitoring attacks.
Jul  2 08:26:00 tracerSENSE sshguard[85789]: Exiting on signal.
Jul  2 08:26:00 tracerSENSE sshguard[29838]: Now monitoring attacks.
Jul  2 08:38:00 tracerSENSE sshguard[29838]: Exiting on signal.
Jul  2 08:38:00 tracerSENSE sshguard[66791]: Now monitoring attacks.
Jul  2 08:50:00 tracerSENSE sshguard[66791]: Exiting on signal.
Jul  2 08:50:00 tracerSENSE sshguard[47744]: Now monitoring attacks.
Jul  2 09:02:00 tracerSENSE sshguard[47744]: Exiting on signal.
Jul  2 09:02:00 tracerSENSE sshguard[63332]: Now monitoring attacks.
Jul  2 09:14:00 tracerSENSE sshguard[63332]: Exiting on signal.
Jul  2 09:14:00 tracerSENSE sshguard[2746]: Now monitoring attacks.
Jul  2 09:26:00 tracerSENSE sshguard[2746]: Exiting on signal.
Jul  2 09:26:00 tracerSENSE sshguard[46890]: Now monitoring attacks.
Jul  2 09:38:00 tracerSENSE sshguard[46890]: Exiting on signal.
Jul  2 09:38:00 tracerSENSE sshguard[78080]: Now monitoring attacks.
Jul  2 09:50:00 tracerSENSE sshguard[78080]: Exiting on signal.
Jul  2 09:50:00 tracerSENSE sshguard[1241]: Now monitoring attacks.
Jul  2 10:02:00 tracerSENSE sshguard[1241]: Exiting on signal.
Jul  2 10:02:00 tracerSENSE sshguard[45973]: Now monitoring attacks.
Jul  2 10:14:00 tracerSENSE sshguard[45973]: Exiting on signal.
Jul  2 10:14:00 tracerSENSE sshguard[82157]: Now monitoring attacks.
Jul  2 10:26:00 tracerSENSE sshguard[82157]: Exiting on signal.
Jul  2 10:26:00 tracerSENSE sshguard[3794]: Now monitoring attacks.
Jul  2 10:38:00 tracerSENSE sshguard[3794]: Exiting on signal.
Jul  2 10:38:00 tracerSENSE sshguard[42067]: Now monitoring attacks.
Jul  2 10:50:00 tracerSENSE sshguard[42067]: Exiting on signal.
Jul  2 10:50:00 tracerSENSE sshguard[78356]: Now monitoring attacks.
Jul  2 11:02:00 tracerSENSE sshguard[78356]: Exiting on signal.
Jul  2 11:02:00 tracerSENSE sshguard[27285]: Now monitoring attacks.
Jul  2 11:14:00 tracerSENSE sshguard[27285]: Exiting on signal.
Jul  2 11:14:00 tracerSENSE sshguard[49814]: Now monitoring attacks.
Jul  2 11:26:00 tracerSENSE sshguard[49814]: Exiting on signal.
Jul  2 11:26:00 tracerSENSE sshguard[94652]: Now monitoring attacks.
Jul  2 11:38:00 tracerSENSE sshguard[94652]: Exiting on signal.
Jul  2 11:38:00 tracerSENSE sshguard[31862]: Now monitoring attacks.
Jul  2 11:50:00 tracerSENSE sshguard[31862]: Exiting on signal.
Jul  2 11:50:00 tracerSENSE sshguard[51983]: Now monitoring attacks.
Jul  2 12:02:00 tracerSENSE sshguard[51983]: Exiting on signal.
Jul  2 12:02:00 tracerSENSE sshguard[88680]: Now monitoring attacks.
Jul  2 12:14:00 tracerSENSE sshguard[88680]: Exiting on signal.
Jul  2 12:14:00 tracerSENSE sshguard[24286]: Now monitoring attacks.
Jul  2 12:25:00 tracerSENSE sshguard[24286]: Exiting on signal.
Jul  2 12:25:00 tracerSENSE sshguard[41438]: Now monitoring attacks.
Jul  2 12:37:00 tracerSENSE sshguard[41438]: Exiting on signal.
Jul  2 12:37:00 tracerSENSE sshguard[59521]: Now monitoring attacks.
Jul  2 12:49:00 tracerSENSE sshguard[59521]: Exiting on signal.
Jul  2 12:49:00 tracerSENSE sshguard[97731]: Now monitoring attacks.
Jul  2 13:01:00 tracerSENSE sshguard[97731]: Exiting on signal.
Jul  2 13:01:00 tracerSENSE sshguard[33894]: Now monitoring attacks.
Jul  2 13:13:00 tracerSENSE sshguard[33894]: Exiting on signal.
Jul  2 13:13:00 tracerSENSE sshguard[59972]: Now monitoring attacks.
Jul  2 13:25:00 tracerSENSE sshguard[59972]: Exiting on signal.
Jul  2 13:25:00 tracerSENSE sshguard[99542]: Now monitoring attacks.
Jul  2 13:37:00 tracerSENSE sshguard[99542]: Exiting on signal.
Jul  2 13:37:00 tracerSENSE sshguard[38417]: Now monitoring attacks.
Jul  2 13:49:00 tracerSENSE sshguard[38417]: Exiting on signal.
Jul  2 13:49:00 tracerSENSE sshguard[76133]: Now monitoring attacks.
Jul  2 14:01:00 tracerSENSE sshguard[76133]: Exiting on signal.
Jul  2 14:01:00 tracerSENSE sshguard[95797]: Now monitoring attacks.
Jul  2 14:13:00 tracerSENSE sshguard[95797]: Exiting on signal.
Jul  2 14:13:00 tracerSENSE sshguard[34063]: Now monitoring attacks.
Jul  2 14:25:00 tracerSENSE sshguard[34063]: Exiting on signal.
Jul  2 14:25:00 tracerSENSE sshguard[70489]: Now monitoring attacks.
Jul  2 14:37:00 tracerSENSE sshguard[70489]: Exiting on signal.
Jul  2 14:37:00 tracerSENSE sshguard[1835]: Now monitoring attacks.
Jul  2 14:49:00 tracerSENSE sshguard[1835]: Exiting on signal.
Jul  2 14:49:00 tracerSENSE sshguard[28130]: Now monitoring attacks.
Jul  2 15:01:00 tracerSENSE sshguard[28130]: Exiting on signal.
Jul  2 15:01:00 tracerSENSE sshguard[62399]: Now monitoring attacks.
Jul  2 15:13:00 tracerSENSE sshguard[62399]: Exiting on signal.
Jul  2 15:13:00 tracerSENSE sshguard[2757]: Now monitoring attacks.
Jul  2 15:25:00 tracerSENSE sshguard[2757]: Exiting on signal.
Jul  2 15:25:00 tracerSENSE sshguard[29213]: Now monitoring attacks.
Jul  2 15:37:00 tracerSENSE sshguard[29213]: Exiting on signal.
Jul  2 15:37:00 tracerSENSE sshguard[76915]: Now monitoring attacks.
Jul  2 15:49:00 tracerSENSE sshguard[76915]: Exiting on signal.
Jul  2 15:49:00 tracerSENSE sshguard[8959]: Now monitoring attacks.
Jul  2 16:01:00 tracerSENSE sshguard[8959]: Exiting on signal.
Jul  2 16:01:00 tracerSENSE sshguard[48689]: Now monitoring attacks.
Jul  2 16:13:00 tracerSENSE sshguard[48689]: Exiting on signal.
Jul  2 16:13:00 tracerSENSE sshguard[68911]: Now monitoring attacks.
Jul  2 16:25:00 tracerSENSE sshguard[68911]: Exiting on signal.
Jul  2 16:25:00 tracerSENSE sshguard[9540]: Now monitoring attacks.
Jul  2 16:37:00 tracerSENSE sshguard[9540]: Exiting on signal.
Jul  2 16:37:00 tracerSENSE sshguard[52104]: Now monitoring attacks.
Jul  2 16:49:00 tracerSENSE sshguard[52104]: Exiting on signal.
Jul  2 16:49:00 tracerSENSE sshguard[75700]: Now monitoring attacks.
Jul  2 17:01:00 tracerSENSE sshguard[75700]: Exiting on signal.
Jul  2 17:01:00 tracerSENSE sshguard[18050]: Now monitoring attacks.
Jul  2 17:13:00 tracerSENSE sshguard[18050]: Exiting on signal.
Jul  2 17:13:00 tracerSENSE sshguard[54055]: Now monitoring attacks.
Jul  2 17:25:00 tracerSENSE sshguard[54055]: Exiting on signal.
Jul  2 17:25:00 tracerSENSE sshguard[96405]: Now monitoring attacks.
Jul  2 17:37:00 tracerSENSE sshguard[96405]: Exiting on signal.
Jul  2 17:37:00 tracerSENSE sshguard[11433]: Now monitoring attacks.
Jul  2 17:49:00 tracerSENSE sshguard[11433]: Exiting on signal.
Jul  2 17:49:00 tracerSENSE sshguard[58273]: Now monitoring attacks.
Jul  2 18:01:00 tracerSENSE sshguard[58273]: Exiting on signal.
Jul  2 18:01:00 tracerSENSE sshguard[97567]: Now monitoring attacks.
Jul  2 18:13:00 tracerSENSE sshguard[97567]: Exiting on signal.
Jul  2 18:13:00 tracerSENSE sshguard[18379]: Now monitoring attacks.
Jul  2 18:25:00 tracerSENSE sshguard[18379]: Exiting on signal.
Jul  2 18:25:00 tracerSENSE sshguard[63382]: Now monitoring attacks.
Jul  2 18:37:00 tracerSENSE sshguard[63382]: Exiting on signal.
Jul  2 18:37:00 tracerSENSE sshguard[6923]: Now monitoring attacks.
Jul  2 18:49:00 tracerSENSE sshguard[6923]: Exiting on signal.
Jul  2 18:49:00 tracerSENSE sshguard[48314]: Now monitoring attacks.
Jul  2 19:01:00 tracerSENSE sshguard[48314]: Exiting on signal.
Jul  2 19:01:00 tracerSENSE sshguard[63896]: Now monitoring attacks.
Jul  2 19:13:00 tracerSENSE sshguard[63896]: Exiting on signal.
Jul  2 19:13:00 tracerSENSE sshguard[8145]: Now monitoring attacks.
Jul  2 19:25:00 tracerSENSE sshguard[8145]: Exiting on signal.
Jul  2 19:25:00 tracerSENSE sshguard[44776]: Now monitoring attacks.
Jul  2 19:37:00 tracerSENSE sshguard[44776]: Exiting on signal.
Jul  2 19:37:00 tracerSENSE sshguard[68918]: Now monitoring attacks.
Feb 10 23:55:24 tracerSENSE sshd[94219]: Server listening on :: port 22.
Feb 10 23:55:24 tracerSENSE sshd[94219]: Server listening on 0.0.0.0 port 22.
Feb 10 23:55:24 tracerSENSE sshguard[95094]: Now monitoring attacks.
Feb 10 23:55:49 tracerSENSE login[68904]: login on ttyv0 as root
Feb 10 23:55:49 tracerSENSE sshguard[71689]: Now monitoring attacks.
Feb 11 00:14:00 tracerSENSE sshguard[71689]: Exiting on signal.
Feb 11 00:14:00 tracerSENSE sshguard[68293]: Now monitoring attacks.
Feb 11 00:36:00 tracerSENSE sshguard[68293]: Exiting on signal.
Feb 11 00:36:00 tracerSENSE sshguard[12658]: Now monitoring attacks.
